0 info it worked if it ends with ok
1 verbose cli [ '/usr/bin/node', '/usr/bin/npm', 'install', 'prob.js' ]
2 info using npm@3.5.2
3 info using node@v8.10.0
4 silly loadCurrentTree Starting
5 silly install loadCurrentTree
6 silly install readLocalPackageData
7 silly fetchPackageMetaData prob.js
8 silly fetchNamedPackageData prob.js
9 silly mapToRegistry name prob.js
10 silly mapToRegistry using default registry
11 silly mapToRegistry registry https://registry.npmjs.org/
12 silly mapToRegistry uri https://registry.npmjs.org/prob.js
13 verbose request uri https://registry.npmjs.org/prob.js
14 verbose request no auth needed
15 info attempt registry request try #1 at 5:08:25 PM
16 verbose request id 5da7c39b3857ac1a
17 http request GET https://registry.npmjs.org/prob.js
18 http 200 https://registry.npmjs.org/prob.js
19 verbose headers { date: 'Mon, 24 Feb 2020 23:08:26 GMT',
19 verbose headers   'content-type': 'application/json; charset=UTF-8',
19 verbose headers   'transfer-encoding': 'chunked',
19 verbose headers   connection: 'keep-alive',
19 verbose headers   'set-cookie':
19 verbose headers    [ '__cfduid=d5ccfecbe6c412e40f427054559cef7761582585705; expires=Wed, 25-Mar-20 23:08:25 GMT; path=/; domain=.npmjs.org; HttpOnly; SameSite=Lax' ],
19 verbose headers   'cf-ray': '56a519f5ec927299-AMS',
19 verbose headers   'cache-control': 'public, max-age=300',
19 verbose headers   etag: 'W/"474e034b630b7229b0968d1572e84b48"',
19 verbose headers   'last-modified': 'Sun, 27 May 2018 12:55:26 GMT',
19 verbose headers   vary: 'accept-encoding, accept',
19 verbose headers   'cf-cache-status': 'REVALIDATED',
19 verbose headers   'expect-ct': 'max-age=604800, report-uri="https://report-uri.cloudflare.com/cdn-cgi/beacon/expect-ct"',
19 verbose headers   server: 'cloudflare',
19 verbose headers   'content-encoding': 'gzip' }
20 silly get cb [ 200,
20 silly get   { date: 'Mon, 24 Feb 2020 23:08:26 GMT',
20 silly get     'content-type': 'application/json; charset=UTF-8',
20 silly get     'transfer-encoding': 'chunked',
20 silly get     connection: 'keep-alive',
20 silly get     'set-cookie':
20 silly get      [ '__cfduid=d5ccfecbe6c412e40f427054559cef7761582585705; expires=Wed, 25-Mar-20 23:08:25 GMT; path=/; domain=.npmjs.org; HttpOnly; SameSite=Lax' ],
20 silly get     'cf-ray': '56a519f5ec927299-AMS',
20 silly get     'cache-control': 'public, max-age=300',
20 silly get     etag: 'W/"474e034b630b7229b0968d1572e84b48"',
20 silly get     'last-modified': 'Sun, 27 May 2018 12:55:26 GMT',
20 silly get     vary: 'accept-encoding, accept',
20 silly get     'cf-cache-status': 'REVALIDATED',
20 silly get     'expect-ct': 'max-age=604800, report-uri="https://report-uri.cloudflare.com/cdn-cgi/beacon/expect-ct"',
20 silly get     server: 'cloudflare',
20 silly get     'content-encoding': 'gzip' } ]
21 verbose get saving prob.js to /home/wade/.npm/registry.npmjs.org/prob.js/.cache.json
22 silly install normalizeTree
23 silly loadCurrentTree Finishing
24 silly loadIdealTree Starting
25 silly install loadIdealTree
26 silly cloneCurrentTree Starting
27 silly install cloneCurrentTreeToIdealTree
28 silly cloneCurrentTree Finishing
29 silly loadShrinkwrap Starting
30 silly install loadShrinkwrap
31 silly loadShrinkwrap Finishing
32 silly loadAllDepsIntoIdealTree Starting
33 silly install loadAllDepsIntoIdealTree
34 silly resolveWithNewModule prob.js@1.0.6 checking installable status
35 silly cache add args [ 'prob.js', null ]
36 verbose cache add spec prob.js
37 silly cache add parsed spec Result {
37 silly cache add   raw: 'prob.js',
37 silly cache add   scope: null,
37 silly cache add   name: 'prob.js',
37 silly cache add   rawSpec: '',
37 silly cache add   spec: 'latest',
37 silly cache add   type: 'tag' }
38 silly addNamed prob.js@latest
39 verbose addNamed "latest" is being treated as a dist-tag for prob.js
40 info addNameTag [ 'prob.js', 'latest' ]
41 silly mapToRegistry name prob.js
42 silly mapToRegistry using default registry
43 silly mapToRegistry registry https://registry.npmjs.org/
44 silly mapToRegistry uri https://registry.npmjs.org/prob.js
45 verbose addNameTag registry:https://registry.npmjs.org/prob.js not in flight; fetching
46 verbose get https://registry.npmjs.org/prob.js not expired, no request
47 silly addNameTag next cb for prob.js with tag latest
48 silly addNamed prob.js@1.0.6
49 verbose addNamed "1.0.6" is a plain semver version for prob.js
50 silly mapToRegistry name prob.js
51 silly mapToRegistry using default registry
52 silly mapToRegistry registry https://registry.npmjs.org/
53 silly mapToRegistry uri https://registry.npmjs.org/prob.js
54 verbose addRemoteTarball https://registry.npmjs.org/prob.js/-/prob.js-1.0.6.tgz not in flight; adding
55 verbose addRemoteTarball [ 'https://registry.npmjs.org/prob.js/-/prob.js-1.0.6.tgz',
55 verbose addRemoteTarball   'eb9c4d9486f94214050967aabfb5fd92cecc0fff' ]
56 info retry fetch attempt 1 at 5:08:26 PM
57 info attempt registry request try #1 at 5:08:26 PM
58 http fetch GET https://registry.npmjs.org/prob.js/-/prob.js-1.0.6.tgz
59 http fetch 200 https://registry.npmjs.org/prob.js/-/prob.js-1.0.6.tgz
60 silly fetchAndShaCheck shasum eb9c4d9486f94214050967aabfb5fd92cecc0fff
61 verbose addTmpTarball /tmp/npm-25084-25ef3fa4/registry.npmjs.org/prob.js/-/prob.js-1.0.6.tgz not in flight; adding
62 verbose addTmpTarball already have metadata; skipping unpack for prob.js@1.0.6
63 silly cache afterAdd prob.js@1.0.6
64 verbose afterAdd /home/wade/.npm/prob.js/1.0.6/package/package.json not in flight; writing
65 verbose afterAdd /home/wade/.npm/prob.js/1.0.6/package/package.json written
66 silly fetchNamedPackageData random-js
67 silly mapToRegistry name random-js
68 silly mapToRegistry using default registry
69 silly mapToRegistry registry https://registry.npmjs.org/
70 silly mapToRegistry uri https://registry.npmjs.org/random-js
71 verbose request uri https://registry.npmjs.org/random-js
72 verbose request no auth needed
73 info attempt registry request try #1 at 5:08:27 PM
74 http request GET https://registry.npmjs.org/random-js
75 http 200 https://registry.npmjs.org/random-js
76 verbose headers { date: 'Mon, 24 Feb 2020 23:08:27 GMT',
76 verbose headers   'content-type': 'application/json',
76 verbose headers   'transfer-encoding': 'chunked',
76 verbose headers   connection: 'keep-alive',
76 verbose headers   'set-cookie':
76 verbose headers    [ '__cfduid=d1009150ce120f0e099c4e8fd7011405c1582585707; expires=Wed, 25-Mar-20 23:08:27 GMT; path=/; domain=.npmjs.org; HttpOnly; SameSite=Lax' ],
76 verbose headers   'cf-ray': '56a51a028aca7299-AMS',
76 verbose headers   age: '1400',
76 verbose headers   'cache-control': 'public, max-age=300',
76 verbose headers   etag: 'W/"7f56f37610b13c873d97b0a61c2bf51a"',
76 verbose headers   'last-modified': 'Thu, 30 May 2019 19:24:48 GMT',
76 verbose headers   vary: 'accept-encoding, accept',
76 verbose headers   'cf-cache-status': 'HIT',
76 verbose headers   'expect-ct': 'max-age=604800, report-uri="https://report-uri.cloudflare.com/cdn-cgi/beacon/expect-ct"',
76 verbose headers   server: 'cloudflare',
76 verbose headers   'content-encoding': 'gzip' }
77 silly get cb [ 200,
77 silly get   { date: 'Mon, 24 Feb 2020 23:08:27 GMT',
77 silly get     'content-type': 'application/json',
77 silly get     'transfer-encoding': 'chunked',
77 silly get     connection: 'keep-alive',
77 silly get     'set-cookie':
77 silly get      [ '__cfduid=d1009150ce120f0e099c4e8fd7011405c1582585707; expires=Wed, 25-Mar-20 23:08:27 GMT; path=/; domain=.npmjs.org; HttpOnly; SameSite=Lax' ],
77 silly get     'cf-ray': '56a51a028aca7299-AMS',
77 silly get     age: '1400',
77 silly get     'cache-control': 'public, max-age=300',
77 silly get     etag: 'W/"7f56f37610b13c873d97b0a61c2bf51a"',
77 silly get     'last-modified': 'Thu, 30 May 2019 19:24:48 GMT',
77 silly get     vary: 'accept-encoding, accept',
77 silly get     'cf-cache-status': 'HIT',
77 silly get     'expect-ct': 'max-age=604800, report-uri="https://report-uri.cloudflare.com/cdn-cgi/beacon/expect-ct"',
77 silly get     server: 'cloudflare',
77 silly get     'content-encoding': 'gzip' } ]
78 verbose get saving random-js to /home/wade/.npm/registry.npmjs.org/random-js/.cache.json
79 silly resolveWithNewModule random-js@1.0.8 checking installable status
80 silly cache add args [ 'random-js@1.0.x', null ]
81 verbose cache add spec random-js@1.0.x
82 silly cache add parsed spec Result {
82 silly cache add   raw: 'random-js@1.0.x',
82 silly cache add   scope: null,
82 silly cache add   name: 'random-js',
82 silly cache add   rawSpec: '1.0.x',
82 silly cache add   spec: '>=1.0.0 <1.1.0',
82 silly cache add   type: 'range' }
83 silly addNamed random-js@>=1.0.0 <1.1.0
84 verbose addNamed ">=1.0.0 <1.1.0" is a valid semver range for random-js
85 silly addNameRange { name: 'random-js', range: '>=1.0.0 <1.1.0', hasData: false }
86 silly mapToRegistry name random-js
87 silly mapToRegistry using default registry
88 silly mapToRegistry registry https://registry.npmjs.org/
89 silly mapToRegistry uri https://registry.npmjs.org/random-js
90 verbose addNameRange registry:https://registry.npmjs.org/random-js not in flight; fetching
91 verbose get https://registry.npmjs.org/random-js not expired, no request
92 silly addNameRange number 2 { name: 'random-js', range: '>=1.0.0 <1.1.0', hasData: true }
93 silly addNameRange versions [ 'random-js',
93 silly addNameRange   [ '1.0.0',
93 silly addNameRange     '1.0.1',
93 silly addNameRange     '1.0.2',
93 silly addNameRange     '1.0.3',
93 silly addNameRange     '1.0.4',
93 silly addNameRange     '1.0.5',
93 silly addNameRange     '1.0.6',
93 silly addNameRange     '1.0.7',
93 silly addNameRange     '1.0.8',
93 silly addNameRange     '2.0.0-rc1',
93 silly addNameRange     '2.0.0-rc2',
93 silly addNameRange     '2.0.0-rc3',
93 silly addNameRange     '2.0.0-rc4',
93 silly addNameRange     '2.0.0-rc5',
93 silly addNameRange     '2.0.0',
93 silly addNameRange     '2.1.0' ] ]
94 silly addNamed random-js@1.0.8
95 verbose addNamed "1.0.8" is a plain semver version for random-js
96 silly mapToRegistry name random-js
97 silly mapToRegistry using default registry
98 silly mapToRegistry registry https://registry.npmjs.org/
99 silly mapToRegistry uri https://registry.npmjs.org/random-js
100 verbose addRemoteTarball https://registry.npmjs.org/random-js/-/random-js-1.0.8.tgz not in flight; adding
101 verbose addRemoteTarball [ 'https://registry.npmjs.org/random-js/-/random-js-1.0.8.tgz',
101 verbose addRemoteTarball   '968fd689a6f25d6c0aac766283de2f688c9c190a' ]
102 info retry fetch attempt 1 at 5:08:28 PM
103 info attempt registry request try #1 at 5:08:28 PM
104 http fetch GET https://registry.npmjs.org/random-js/-/random-js-1.0.8.tgz
105 http fetch 200 https://registry.npmjs.org/random-js/-/random-js-1.0.8.tgz
106 silly fetchAndShaCheck shasum 968fd689a6f25d6c0aac766283de2f688c9c190a
107 verbose addTmpTarball /tmp/npm-25084-25ef3fa4/registry.npmjs.org/random-js/-/random-js-1.0.8.tgz not in flight; adding
108 verbose addTmpTarball already have metadata; skipping unpack for random-js@1.0.8
109 silly cache afterAdd random-js@1.0.8
110 verbose afterAdd /home/wade/.npm/random-js/1.0.8/package/package.json not in flight; writing
111 verbose afterAdd /home/wade/.npm/random-js/1.0.8/package/package.json written
112 silly loadAllDepsIntoIdealTree Finishing
113 silly idealTree:prePrune scarcity@1.0.0
113 silly idealTree:prePrune ├── accepts@1.3.7
113 silly idealTree:prePrune ├── after@0.8.2
113 silly idealTree:prePrune ├── array-flatten@1.1.1
113 silly idealTree:prePrune ├── arraybuffer.slice@0.0.7
113 silly idealTree:prePrune ├── async-limiter@1.0.1
113 silly idealTree:prePrune ├── babel-runtime@6.26.0
113 silly idealTree:prePrune ├── backo2@1.0.2
113 silly idealTree:prePrune ├── base64-arraybuffer@0.1.5
113 silly idealTree:prePrune ├── base64id@2.0.0
113 silly idealTree:prePrune ├── better-assert@1.0.2
113 silly idealTree:prePrune ├── blob@0.0.5
113 silly idealTree:prePrune ├── body-parser@1.19.0
113 silly idealTree:prePrune ├── bytes@3.1.0
113 silly idealTree:prePrune ├── callsite@1.0.0
113 silly idealTree:prePrune ├── component-bind@1.0.0
113 silly idealTree:prePrune ├── component-emitter@1.2.1
113 silly idealTree:prePrune ├── component-inherit@0.0.3
113 silly idealTree:prePrune ├── content-disposition@0.5.3
113 silly idealTree:prePrune ├── content-type@1.0.4
113 silly idealTree:prePrune ├── cookie-signature@1.0.6
113 silly idealTree:prePrune ├── cookie@0.4.0
113 silly idealTree:prePrune ├── core-js@2.6.11
113 silly idealTree:prePrune ├── debug@2.6.9
113 silly idealTree:prePrune ├── depd@1.1.2
113 silly idealTree:prePrune ├── destroy@1.0.4
113 silly idealTree:prePrune ├── ee-first@1.1.1
113 silly idealTree:prePrune ├── encodeurl@1.0.2
113 silly idealTree:prePrune ├─┬ engine.io-client@3.4.0
113 silly idealTree:prePrune │ ├── debug@4.1.1
113 silly idealTree:prePrune │ ├── ms@2.1.2
113 silly idealTree:prePrune │ └── ws@6.1.4
113 silly idealTree:prePrune ├── engine.io-parser@2.2.0
113 silly idealTree:prePrune ├─┬ engine.io@3.4.0
113 silly idealTree:prePrune │ ├── cookie@0.3.1
113 silly idealTree:prePrune │ ├── debug@4.1.1
113 silly idealTree:prePrune │ └── ms@2.1.2
113 silly idealTree:prePrune ├── escape-html@1.0.3
113 silly idealTree:prePrune ├── etag@1.8.1
113 silly idealTree:prePrune ├── express@4.17.1
113 silly idealTree:prePrune ├── finalhandler@1.1.2
113 silly idealTree:prePrune ├── forwarded@0.1.2
113 silly idealTree:prePrune ├── fresh@0.5.2
113 silly idealTree:prePrune ├── has-binary2@1.0.3
113 silly idealTree:prePrune ├── has-cors@1.1.0
113 silly idealTree:prePrune ├── http-errors@1.7.2
113 silly idealTree:prePrune ├── iconv-lite@0.4.24
113 silly idealTree:prePrune ├── indexof@0.0.1
113 silly idealTree:prePrune ├── inherits@2.0.3
113 silly idealTree:prePrune ├── ipaddr.js@1.9.0
113 silly idealTree:prePrune ├── isarray@2.0.1
113 silly idealTree:prePrune ├── media-typer@0.3.0
113 silly idealTree:prePrune ├── merge-descriptors@1.0.1
113 silly idealTree:prePrune ├── methods@1.1.2
113 silly idealTree:prePrune ├── mime-db@1.43.0
113 silly idealTree:prePrune ├── mime-types@2.1.26
113 silly idealTree:prePrune ├── mime@1.6.0
113 silly idealTree:prePrune ├── ms@2.0.0
113 silly idealTree:prePrune ├── negotiator@0.6.2
113 silly idealTree:prePrune ├── object-component@0.0.3
113 silly idealTree:prePrune ├── on-finished@2.3.0
113 silly idealTree:prePrune ├── ow-lite@0.0.2
113 silly idealTree:prePrune ├── ow@0.4.0
113 silly idealTree:prePrune ├── parseqs@0.0.5
113 silly idealTree:prePrune ├── parseuri@0.0.5
113 silly idealTree:prePrune ├── parseurl@1.3.3
113 silly idealTree:prePrune ├── path-to-regexp@0.1.7
113 silly idealTree:prePrune ├── prob.js@1.0.6
113 silly idealTree:prePrune ├── proxy-addr@2.0.5
113 silly idealTree:prePrune ├── qs@6.7.0
113 silly idealTree:prePrune ├── random-js@1.0.8
113 silly idealTree:prePrune ├── random@2.1.1
113 silly idealTree:prePrune ├── range-parser@1.2.1
113 silly idealTree:prePrune ├── raw-body@2.4.0
113 silly idealTree:prePrune ├── regenerator-runtime@0.11.1
113 silly idealTree:prePrune ├── safe-buffer@5.1.2
113 silly idealTree:prePrune ├── safer-buffer@2.1.2
113 silly idealTree:prePrune ├── seedrandom@2.4.4
113 silly idealTree:prePrune ├─┬ send@0.17.1
113 silly idealTree:prePrune │ └── ms@2.1.1
113 silly idealTree:prePrune ├── serve-static@1.14.1
113 silly idealTree:prePrune ├── setprototypeof@1.1.1
113 silly idealTree:prePrune ├── socket.io-adapter@1.1.2
113 silly idealTree:prePrune ├─┬ socket.io-client@2.3.0
113 silly idealTree:prePrune │ ├── debug@4.1.1
113 silly idealTree:prePrune │ ├── ms@2.1.2
113 silly idealTree:prePrune │ └─┬ socket.io-parser@3.3.0
113 silly idealTree:prePrune │   ├── debug@3.1.0
113 silly idealTree:prePrune │   └── ms@2.0.0
113 silly idealTree:prePrune ├─┬ socket.io-parser@3.4.0
113 silly idealTree:prePrune │ ├── debug@4.1.1
113 silly idealTree:prePrune │ └── ms@2.1.2
113 silly idealTree:prePrune ├─┬ socket.io@2.3.0
113 silly idealTree:prePrune │ ├── debug@4.1.1
113 silly idealTree:prePrune │ └── ms@2.1.2
113 silly idealTree:prePrune ├── statuses@1.5.0
113 silly idealTree:prePrune ├── to-array@0.1.4
113 silly idealTree:prePrune ├── toidentifier@1.0.0
113 silly idealTree:prePrune ├── type-is@1.6.18
113 silly idealTree:prePrune ├── unpipe@1.0.0
113 silly idealTree:prePrune ├── utils-merge@1.0.1
113 silly idealTree:prePrune ├── vary@1.1.2
113 silly idealTree:prePrune ├── ws@7.2.1
113 silly idealTree:prePrune ├── xmlhttprequest-ssl@1.5.5
113 silly idealTree:prePrune └── yeast@0.1.2
114 silly loadIdealTree Finishing
115 silly currentTree scarcity@1.0.0
115 silly currentTree ├── accepts@1.3.7
115 silly currentTree ├── after@0.8.2
115 silly currentTree ├── array-flatten@1.1.1
115 silly currentTree ├── arraybuffer.slice@0.0.7
115 silly currentTree ├── async-limiter@1.0.1
115 silly currentTree ├── babel-runtime@6.26.0
115 silly currentTree ├── backo2@1.0.2
115 silly currentTree ├── base64-arraybuffer@0.1.5
115 silly currentTree ├── base64id@2.0.0
115 silly currentTree ├── better-assert@1.0.2
115 silly currentTree ├── blob@0.0.5
115 silly currentTree ├── body-parser@1.19.0
115 silly currentTree ├── bytes@3.1.0
115 silly currentTree ├── callsite@1.0.0
115 silly currentTree ├── component-bind@1.0.0
115 silly currentTree ├── component-emitter@1.2.1
115 silly currentTree ├── component-inherit@0.0.3
115 silly currentTree ├── content-disposition@0.5.3
115 silly currentTree ├── content-type@1.0.4
115 silly currentTree ├── cookie-signature@1.0.6
115 silly currentTree ├── cookie@0.4.0
115 silly currentTree ├── core-js@2.6.11
115 silly currentTree ├── debug@2.6.9
115 silly currentTree ├── depd@1.1.2
115 silly currentTree ├── destroy@1.0.4
115 silly currentTree ├── ee-first@1.1.1
115 silly currentTree ├── encodeurl@1.0.2
115 silly currentTree ├─┬ engine.io-client@3.4.0
115 silly currentTree │ ├── debug@4.1.1
115 silly currentTree │ ├── ms@2.1.2
115 silly currentTree │ └── ws@6.1.4
115 silly currentTree ├── engine.io-parser@2.2.0
115 silly currentTree ├─┬ engine.io@3.4.0
115 silly currentTree │ ├── cookie@0.3.1
115 silly currentTree │ ├── debug@4.1.1
115 silly currentTree │ └── ms@2.1.2
115 silly currentTree ├── escape-html@1.0.3
115 silly currentTree ├── etag@1.8.1
115 silly currentTree ├── express@4.17.1
115 silly currentTree ├── finalhandler@1.1.2
115 silly currentTree ├── forwarded@0.1.2
115 silly currentTree ├── fresh@0.5.2
115 silly currentTree ├── has-binary2@1.0.3
115 silly currentTree ├── has-cors@1.1.0
115 silly currentTree ├── http-errors@1.7.2
115 silly currentTree ├── iconv-lite@0.4.24
115 silly currentTree ├── indexof@0.0.1
115 silly currentTree ├── inherits@2.0.3
115 silly currentTree ├── ipaddr.js@1.9.0
115 silly currentTree ├── isarray@2.0.1
115 silly currentTree ├── media-typer@0.3.0
115 silly currentTree ├── merge-descriptors@1.0.1
115 silly currentTree ├── methods@1.1.2
115 silly currentTree ├── mime-db@1.43.0
115 silly currentTree ├── mime-types@2.1.26
115 silly currentTree ├── mime@1.6.0
115 silly currentTree ├── ms@2.0.0
115 silly currentTree ├── negotiator@0.6.2
115 silly currentTree ├── object-component@0.0.3
115 silly currentTree ├── on-finished@2.3.0
115 silly currentTree ├── ow-lite@0.0.2
115 silly currentTree ├── ow@0.4.0
115 silly currentTree ├── parseqs@0.0.5
115 silly currentTree ├── parseuri@0.0.5
115 silly currentTree ├── parseurl@1.3.3
115 silly currentTree ├── path-to-regexp@0.1.7
115 silly currentTree ├── proxy-addr@2.0.5
115 silly currentTree ├── qs@6.7.0
115 silly currentTree ├── random@2.1.1
115 silly currentTree ├── range-parser@1.2.1
115 silly currentTree ├── raw-body@2.4.0
115 silly currentTree ├── regenerator-runtime@0.11.1
115 silly currentTree ├── safe-buffer@5.1.2
115 silly currentTree ├── safer-buffer@2.1.2
115 silly currentTree ├── seedrandom@2.4.4
115 silly currentTree ├─┬ send@0.17.1
115 silly currentTree │ └── ms@2.1.1
115 silly currentTree ├── serve-static@1.14.1
115 silly currentTree ├── setprototypeof@1.1.1
115 silly currentTree ├── socket.io-adapter@1.1.2
115 silly currentTree ├─┬ socket.io-client@2.3.0
115 silly currentTree │ ├── debug@4.1.1
115 silly currentTree │ ├── ms@2.1.2
115 silly currentTree │ └─┬ socket.io-parser@3.3.0
115 silly currentTree │   ├── debug@3.1.0
115 silly currentTree │   └── ms@2.0.0
115 silly currentTree ├─┬ socket.io-parser@3.4.0
115 silly currentTree │ ├── debug@4.1.1
115 silly currentTree │ └── ms@2.1.2
115 silly currentTree ├─┬ socket.io@2.3.0
115 silly currentTree │ ├── debug@4.1.1
115 silly currentTree │ └── ms@2.1.2
115 silly currentTree ├── statuses@1.5.0
115 silly currentTree ├── to-array@0.1.4
115 silly currentTree ├── toidentifier@1.0.0
115 silly currentTree ├── type-is@1.6.18
115 silly currentTree ├── unpipe@1.0.0
115 silly currentTree ├── utils-merge@1.0.1
115 silly currentTree ├── vary@1.1.2
115 silly currentTree ├── ws@7.2.1
115 silly currentTree ├── xmlhttprequest-ssl@1.5.5
115 silly currentTree └── yeast@0.1.2
116 silly idealTree scarcity@1.0.0
116 silly idealTree ├── accepts@1.3.7
116 silly idealTree ├── after@0.8.2
116 silly idealTree ├── array-flatten@1.1.1
116 silly idealTree ├── arraybuffer.slice@0.0.7
116 silly idealTree ├── async-limiter@1.0.1
116 silly idealTree ├── babel-runtime@6.26.0
116 silly idealTree ├── backo2@1.0.2
116 silly idealTree ├── base64-arraybuffer@0.1.5
116 silly idealTree ├── base64id@2.0.0
116 silly idealTree ├── better-assert@1.0.2
116 silly idealTree ├── blob@0.0.5
116 silly idealTree ├── body-parser@1.19.0
116 silly idealTree ├── bytes@3.1.0
116 silly idealTree ├── callsite@1.0.0
116 silly idealTree ├── component-bind@1.0.0
116 silly idealTree ├── component-emitter@1.2.1
116 silly idealTree ├── component-inherit@0.0.3
116 silly idealTree ├── content-disposition@0.5.3
116 silly idealTree ├── content-type@1.0.4
116 silly idealTree ├── cookie-signature@1.0.6
116 silly idealTree ├── cookie@0.4.0
116 silly idealTree ├── core-js@2.6.11
116 silly idealTree ├── debug@2.6.9
116 silly idealTree ├── depd@1.1.2
116 silly idealTree ├── destroy@1.0.4
116 silly idealTree ├── ee-first@1.1.1
116 silly idealTree ├── encodeurl@1.0.2
116 silly idealTree ├─┬ engine.io-client@3.4.0
116 silly idealTree │ ├── debug@4.1.1
116 silly idealTree │ ├── ms@2.1.2
116 silly idealTree │ └── ws@6.1.4
116 silly idealTree ├── engine.io-parser@2.2.0
116 silly idealTree ├─┬ engine.io@3.4.0
116 silly idealTree │ ├── cookie@0.3.1
116 silly idealTree │ ├── debug@4.1.1
116 silly idealTree │ └── ms@2.1.2
116 silly idealTree ├── escape-html@1.0.3
116 silly idealTree ├── etag@1.8.1
116 silly idealTree ├── express@4.17.1
116 silly idealTree ├── finalhandler@1.1.2
116 silly idealTree ├── forwarded@0.1.2
116 silly idealTree ├── fresh@0.5.2
116 silly idealTree ├── has-binary2@1.0.3
116 silly idealTree ├── has-cors@1.1.0
116 silly idealTree ├── http-errors@1.7.2
116 silly idealTree ├── iconv-lite@0.4.24
116 silly idealTree ├── indexof@0.0.1
116 silly idealTree ├── inherits@2.0.3
116 silly idealTree ├── ipaddr.js@1.9.0
116 silly idealTree ├── isarray@2.0.1
116 silly idealTree ├── media-typer@0.3.0
116 silly idealTree ├── merge-descriptors@1.0.1
116 silly idealTree ├── methods@1.1.2
116 silly idealTree ├── mime-db@1.43.0
116 silly idealTree ├── mime-types@2.1.26
116 silly idealTree ├── mime@1.6.0
116 silly idealTree ├── ms@2.0.0
116 silly idealTree ├── negotiator@0.6.2
116 silly idealTree ├── object-component@0.0.3
116 silly idealTree ├── on-finished@2.3.0
116 silly idealTree ├── ow-lite@0.0.2
116 silly idealTree ├── ow@0.4.0
116 silly idealTree ├── parseqs@0.0.5
116 silly idealTree ├── parseuri@0.0.5
116 silly idealTree ├── parseurl@1.3.3
116 silly idealTree ├── path-to-regexp@0.1.7
116 silly idealTree ├── prob.js@1.0.6
116 silly idealTree ├── proxy-addr@2.0.5
116 silly idealTree ├── qs@6.7.0
116 silly idealTree ├── random-js@1.0.8
116 silly idealTree ├── random@2.1.1
116 silly idealTree ├── range-parser@1.2.1
116 silly idealTree ├── raw-body@2.4.0
116 silly idealTree ├── regenerator-runtime@0.11.1
116 silly idealTree ├── safe-buffer@5.1.2
116 silly idealTree ├── safer-buffer@2.1.2
116 silly idealTree ├── seedrandom@2.4.4
116 silly idealTree ├─┬ send@0.17.1
116 silly idealTree │ └── ms@2.1.1
116 silly idealTree ├── serve-static@1.14.1
116 silly idealTree ├── setprototypeof@1.1.1
116 silly idealTree ├── socket.io-adapter@1.1.2
116 silly idealTree ├─┬ socket.io-client@2.3.0
116 silly idealTree │ ├── debug@4.1.1
116 silly idealTree │ ├── ms@2.1.2
116 silly idealTree │ └─┬ socket.io-parser@3.3.0
116 silly idealTree │   ├── debug@3.1.0
116 silly idealTree │   └── ms@2.0.0
116 silly idealTree ├─┬ socket.io-parser@3.4.0
116 silly idealTree │ ├── debug@4.1.1
116 silly idealTree │ └── ms@2.1.2
116 silly idealTree ├─┬ socket.io@2.3.0
116 silly idealTree │ ├── debug@4.1.1
116 silly idealTree │ └── ms@2.1.2
116 silly idealTree ├── statuses@1.5.0
116 silly idealTree ├── to-array@0.1.4
116 silly idealTree ├── toidentifier@1.0.0
116 silly idealTree ├── type-is@1.6.18
116 silly idealTree ├── unpipe@1.0.0
116 silly idealTree ├── utils-merge@1.0.1
116 silly idealTree ├── vary@1.1.2
116 silly idealTree ├── ws@7.2.1
116 silly idealTree ├── xmlhttprequest-ssl@1.5.5
116 silly idealTree └── yeast@0.1.2
117 silly generateActionsToTake Starting
118 silly install generateActionsToTake
119 silly generateActionsToTake Finishing
120 silly diffTrees action count 5
121 silly diffTrees add random-js@1.0.8
122 silly diffTrees update express@4.17.1
123 silly diffTrees add prob.js@1.0.6
124 silly diffTrees update random@2.1.1
125 silly diffTrees update socket.io@2.3.0
126 silly decomposeActions action count 40
127 silly decomposeActions fetch random-js@1.0.8
128 silly decomposeActions extract random-js@1.0.8
129 silly decomposeActions test random-js@1.0.8
130 silly decomposeActions preinstall random-js@1.0.8
131 silly decomposeActions build random-js@1.0.8
132 silly decomposeActions install random-js@1.0.8
133 silly decomposeActions postinstall random-js@1.0.8
134 silly decomposeActions finalize random-js@1.0.8
135 silly decomposeActions fetch express@4.17.1
136 silly decomposeActions extract express@4.17.1
137 silly decomposeActions test express@4.17.1
138 silly decomposeActions preinstall express@4.17.1
139 silly decomposeActions build express@4.17.1
140 silly decomposeActions install express@4.17.1
141 silly decomposeActions postinstall express@4.17.1
142 silly decomposeActions finalize express@4.17.1
143 silly decomposeActions fetch prob.js@1.0.6
144 silly decomposeActions extract prob.js@1.0.6
145 silly decomposeActions test prob.js@1.0.6
146 silly decomposeActions preinstall prob.js@1.0.6
147 silly decomposeActions build prob.js@1.0.6
148 silly decomposeActions install prob.js@1.0.6
149 silly decomposeActions postinstall prob.js@1.0.6
150 silly decomposeActions finalize prob.js@1.0.6
151 silly decomposeActions fetch random@2.1.1
152 silly decomposeActions extract random@2.1.1
153 silly decomposeActions test random@2.1.1
154 silly decomposeActions preinstall random@2.1.1
155 silly decomposeActions build random@2.1.1
156 silly decomposeActions install random@2.1.1
157 silly decomposeActions postinstall random@2.1.1
158 silly decomposeActions finalize random@2.1.1
159 silly decomposeActions fetch socket.io@2.3.0
160 silly decomposeActions extract socket.io@2.3.0
161 silly decomposeActions test socket.io@2.3.0
162 silly decomposeActions preinstall socket.io@2.3.0
163 silly decomposeActions build socket.io@2.3.0
164 silly decomposeActions install socket.io@2.3.0
165 silly decomposeActions postinstall socket.io@2.3.0
166 silly decomposeActions finalize socket.io@2.3.0
167 silly executeActions Starting
168 silly install executeActions
169 silly doSerial global-install 0
170 silly doParallel fetch 5
171 verbose lock using /home/wade/.npm/_locks/staging-cf93b6b01debe0ea.lock for /home/wade/Projects/Scarcity/node_modules/.staging
172 silly doParallel extract 5
173 silly extract random-js@1.0.8
174 silly extract express@4.17.1
175 silly extract prob.js@1.0.6
176 silly extract random@2.1.1
177 silly extract socket.io@2.3.0
178 verbose unbuild node_modules/.staging/random-js-fdcf07af
179 verbose unbuild node_modules/.staging/prob.js-8baaacca
180 silly gentlyRm /home/wade/Projects/Scarcity/node_modules/.staging/random-js-fdcf07af is being purged from base /home/wade/Projects/Scarcity
181 verbose gentlyRm don't care about contents; nuking /home/wade/Projects/Scarcity/node_modules/.staging/random-js-fdcf07af
182 silly gentlyRm /home/wade/Projects/Scarcity/node_modules/.staging/prob.js-8baaacca is being purged from base /home/wade/Projects/Scarcity
183 verbose gentlyRm don't care about contents; nuking /home/wade/Projects/Scarcity/node_modules/.staging/prob.js-8baaacca
184 verbose tar unpack /home/wade/.npm/random-js/1.0.8/package.tgz
185 verbose tar unpacking to /home/wade/Projects/Scarcity/node_modules/.staging/random-js-fdcf07af
186 silly gentlyRm /home/wade/Projects/Scarcity/node_modules/.staging/random-js-fdcf07af is being purged
187 verbose gentlyRm don't care about contents; nuking /home/wade/Projects/Scarcity/node_modules/.staging/random-js-fdcf07af
188 verbose tar unpack /home/wade/.npm/prob.js/1.0.6/package.tgz
189 verbose tar unpacking to /home/wade/Projects/Scarcity/node_modules/.staging/prob.js-8baaacca
190 silly gentlyRm /home/wade/Projects/Scarcity/node_modules/.staging/prob.js-8baaacca is being purged
191 verbose gentlyRm don't care about contents; nuking /home/wade/Projects/Scarcity/node_modules/.staging/prob.js-8baaacca
192 silly gunzTarPerm modes [ '775', '664' ]
193 silly gunzTarPerm modes [ '775', '664' ]
194 silly gunzTarPerm extractEntry package.json
195 silly gunzTarPerm modified mode [ 'package.json', 420, 436 ]
196 silly gunzTarPerm extractEntry package.json
197 silly gunzTarPerm modified mode [ 'package.json', 420, 436 ]
198 silly gunzTarPerm extractEntry .npmignore
199 silly gunzTarPerm modified mode [ '.npmignore', 420, 436 ]
200 silly gunzTarPerm extractEntry README.md
201 silly gunzTarPerm modified mode [ 'README.md', 420, 436 ]
202 silly gunzTarPerm extractEntry .npmignore
203 silly gunzTarPerm modified mode [ '.npmignore', 420, 436 ]
204 silly gunzTarPerm extractEntry README.md
205 silly gunzTarPerm modified mode [ 'README.md', 420, 436 ]
206 verbose unbuild node_modules/.staging/random-789f7739
207 silly gentlyRm /home/wade/Projects/Scarcity/node_modules/.staging/random-789f7739 is being purged from base /home/wade/Projects/Scarcity
208 verbose gentlyRm don't care about contents; nuking /home/wade/Projects/Scarcity/node_modules/.staging/random-789f7739
209 verbose tar unpack /home/wade/.npm/random/2.1.1/package.tgz
210 verbose tar unpacking to /home/wade/Projects/Scarcity/node_modules/.staging/random-789f7739
211 silly gentlyRm /home/wade/Projects/Scarcity/node_modules/.staging/random-789f7739 is being purged
212 verbose gentlyRm don't care about contents; nuking /home/wade/Projects/Scarcity/node_modules/.staging/random-789f7739
213 silly gunzTarPerm modes [ '775', '664' ]
214 silly gunzTarPerm extractEntry LICENSE
215 silly gunzTarPerm modified mode [ 'LICENSE', 420, 436 ]
216 silly gunzTarPerm extractEntry LICENSE
217 silly gunzTarPerm modified mode [ 'LICENSE', 420, 436 ]
218 silly gunzTarPerm extractEntry prob.js
219 silly gunzTarPerm modified mode [ 'prob.js', 420, 436 ]
220 silly gunzTarPerm extractEntry TODO.md
221 silly gunzTarPerm modified mode [ 'TODO.md', 420, 436 ]
222 silly gunzTarPerm extractEntry _site/package.json
223 silly gunzTarPerm modified mode [ '_site/package.json', 420, 436 ]
224 silly gunzTarPerm extractEntry _site/.npmignore
225 silly gunzTarPerm modified mode [ '_site/.npmignore', 420, 436 ]
226 silly gunzTarPerm extractEntry _site/LICENSE
227 silly gunzTarPerm modified mode [ '_site/LICENSE', 420, 436 ]
228 silly gunzTarPerm extractEntry _site/demo.js
229 silly gunzTarPerm modified mode [ '_site/demo.js', 420, 436 ]
230 silly gunzTarPerm extractEntry _site/Makefile
231 silly gunzTarPerm modified mode [ '_site/Makefile', 420, 436 ]
232 silly gunzTarPerm extractEntry _site/bower.json
233 silly gunzTarPerm modified mode [ '_site/bower.json', 420, 436 ]
234 silly gunzTarPerm extractEntry _site/index.html
235 silly gunzTarPerm modified mode [ '_site/index.html', 420, 436 ]
236 silly gunzTarPerm extractEntry bower.json
237 silly gunzTarPerm modified mode [ 'bower.json', 420, 436 ]
238 silly gunzTarPerm extractEntry cli/package.json
239 silly gunzTarPerm modified mode [ 'cli/package.json', 420, 436 ]
240 silly gunzTarPerm extractEntry cli/cli.js
241 silly gunzTarPerm modified mode [ 'cli/cli.js', 493, 509 ]
242 silly gunzTarPerm extractEntry dist/prob-min.js
243 silly gunzTarPerm modified mode [ 'dist/prob-min.js', 420, 436 ]
244 silly gunzTarPerm extractEntry dist/prob.js
245 silly gunzTarPerm modified mode [ 'dist/prob.js', 420, 436 ]
246 silly gunzTarPerm extractEntry dist/prob-min.js.map
247 silly gunzTarPerm modified mode [ 'dist/prob-min.js.map', 420, 436 ]
248 silly gunzTarPerm extractEntry extra/package.json
249 silly gunzTarPerm modified mode [ 'extra/package.json', 420, 436 ]
250 silly gunzTarPerm extractEntry extra/animation.js
251 silly gunzTarPerm modified mode [ 'extra/animation.js', 493, 509 ]
252 silly gunzTarPerm extractEntry extra/1.png
253 silly gunzTarPerm modified mode [ 'extra/1.png', 420, 436 ]
254 silly gunzTarPerm extractEntry Makefile
255 silly gunzTarPerm modified mode [ 'Makefile', 420, 436 ]
256 silly gunzTarPerm extractEntry .gitmodules
257 silly gunzTarPerm modified mode [ '.gitmodules', 420, 436 ]
258 silly gunzTarPerm extractEntry tests/import-tests.js
259 silly gunzTarPerm modified mode [ 'tests/import-tests.js', 420, 436 ]
260 silly gunzTarPerm extractEntry tests/prob-tests.js
261 silly gunzTarPerm modified mode [ 'tests/prob-tests.js', 420, 436 ]
262 silly gunzTarPerm extractEntry tests/qunit.html
263 silly gunzTarPerm modified mode [ 'tests/qunit.html', 420, 436 ]
264 silly gunzTarPerm extractEntry karma.conf.js
265 silly gunzTarPerm modified mode [ 'karma.conf.js', 420, 436 ]
266 silly gunzTarPerm extractEntry bower.json
267 silly gunzTarPerm modified mode [ 'bower.json', 420, 436 ]
268 silly gunzTarPerm extractEntry benchmark/bool.js
269 silly gunzTarPerm modified mode [ 'benchmark/bool.js', 420, 436 ]
270 silly gunzTarPerm extractEntry benchmark/engines.js
271 silly gunzTarPerm modified mode [ 'benchmark/engines.js', 420, 436 ]
272 silly gunzTarPerm extractEntry benchmark/integer.js
273 silly gunzTarPerm modified mode [ 'benchmark/integer.js', 420, 436 ]
274 silly gunzTarPerm extractEntry benchmark/real.js
275 silly gunzTarPerm modified mode [ 'benchmark/real.js', 420, 436 ]
276 verbose unbuild node_modules/.staging/socket.io-fc08f305
277 silly gentlyRm /home/wade/Projects/Scarcity/node_modules/.staging/socket.io-fc08f305 is being purged from base /home/wade/Projects/Scarcity
278 verbose gentlyRm don't care about contents; nuking /home/wade/Projects/Scarcity/node_modules/.staging/socket.io-fc08f305
279 verbose tar unpack /home/wade/.npm/socket.io/2.3.0/package.tgz
280 verbose tar unpacking to /home/wade/Projects/Scarcity/node_modules/.staging/socket.io-fc08f305
281 silly gentlyRm /home/wade/Projects/Scarcity/node_modules/.staging/socket.io-fc08f305 is being purged
282 verbose gentlyRm don't care about contents; nuking /home/wade/Projects/Scarcity/node_modules/.staging/socket.io-fc08f305
283 silly gunzTarPerm modes [ '775', '664' ]
284 silly gunzTarPerm extractEntry CHANGELOG.md
285 silly gunzTarPerm modified mode [ 'CHANGELOG.md', 420, 436 ]
286 silly gunzTarPerm extractEntry lib/random.js
287 silly gunzTarPerm modified mode [ 'lib/random.js', 420, 436 ]
288 silly gunzTarPerm extractEntry package.json
289 silly gunzTarPerm extractEntry lib/random.min.js
290 silly gunzTarPerm modified mode [ 'lib/random.min.js', 420, 436 ]
291 silly gunzTarPerm extractEntry spec/RandomSpec.js
292 silly gunzTarPerm modified mode [ 'spec/RandomSpec.js', 420, 436 ]
293 silly gunzTarPerm extractEntry LICENSE
294 silly gunzTarPerm extractEntry Readme.md
295 silly gunzTarPerm extractEntry lib/client.js
296 silly gunzTarPerm extractEntry spec/engines.browserCryptoSpec.js
297 silly gunzTarPerm modified mode [ 'spec/engines.browserCryptoSpec.js', 420, 436 ]
298 silly gunzTarPerm extractEntry spec/engines.mt19937Spec.js
299 silly gunzTarPerm modified mode [ 'spec/engines.mt19937Spec.js', 420, 436 ]
300 silly gunzTarPerm extractEntry lib/index.js
301 silly gunzTarPerm extractEntry lib/namespace.js
302 silly gunzTarPerm extractEntry spec/engines.nativeMathSpec.js
303 silly gunzTarPerm modified mode [ 'spec/engines.nativeMathSpec.js', 420, 436 ]
304 silly gunzTarPerm extractEntry spec/dieSpec.js
305 silly gunzTarPerm modified mode [ 'spec/dieSpec.js', 420, 436 ]
306 silly gunzTarPerm extractEntry lib/parent-namespace.js
307 silly gunzTarPerm extractEntry lib/socket.js
308 silly gunzTarPerm extractEntry spec/integerSpec.js
309 silly gunzTarPerm modified mode [ 'spec/integerSpec.js', 420, 436 ]
310 silly gunzTarPerm extractEntry spec/pickSpec.js
311 silly gunzTarPerm modified mode [ 'spec/pickSpec.js', 420, 436 ]
312 silly gunzTarPerm extractEntry spec/pickerSpec.js
313 silly gunzTarPerm modified mode [ 'spec/pickerSpec.js', 420, 436 ]
314 silly gunzTarPerm extractEntry spec/realSpec.js
315 silly gunzTarPerm modified mode [ 'spec/realSpec.js', 420, 436 ]
316 error tar.unpack untar error /home/wade/.npm/random-js/1.0.8/package.tgz
317 error tar.unpack untar error /home/wade/.npm/prob.js/1.0.6/package.tgz
318 error tar.unpack untar error /home/wade/.npm/socket.io/2.3.0/package.tgz
319 error tar.unpack untar error /home/wade/.npm/prob.js/1.0.6/package.tgz
320 error tar.unpack untar error /home/wade/.npm/socket.io/2.3.0/package.tgz
321 error tar.unpack untar error /home/wade/.npm/prob.js/1.0.6/package.tgz
322 error tar.unpack untar error /home/wade/.npm/socket.io/2.3.0/package.tgz
323 error tar.unpack untar error /home/wade/.npm/prob.js/1.0.6/package.tgz
324 verbose unbuild node_modules/.staging/express-1453d2c8
325 silly gentlyRm /home/wade/Projects/Scarcity/node_modules/.staging/express-1453d2c8 is being purged from base /home/wade/Projects/Scarcity
326 verbose gentlyRm don't care about contents; nuking /home/wade/Projects/Scarcity/node_modules/.staging/express-1453d2c8
327 verbose tar unpack /home/wade/.npm/express/4.17.1/package.tgz
328 verbose tar unpacking to /home/wade/Projects/Scarcity/node_modules/.staging/express-1453d2c8
329 silly gentlyRm /home/wade/Projects/Scarcity/node_modules/.staging/express-1453d2c8 is being purged
330 verbose gentlyRm don't care about contents; nuking /home/wade/Projects/Scarcity/node_modules/.staging/express-1453d2c8
331 silly gunzTarPerm modes [ '775', '664' ]
332 error tar.unpack untar error /home/wade/.npm/express/4.17.1/package.tgz
333 error tar.unpack untar error /home/wade/.npm/random/2.1.1/package.tgz
334 verbose unlock done using /home/wade/.npm/_locks/staging-cf93b6b01debe0ea.lock for /home/wade/Projects/Scarcity/node_modules/.staging
335 silly rollbackFailedOptional Starting
336 silly rollbackFailedOptional Finishing
337 silly runTopLevelLifecycles Starting
338 silly runTopLevelLifecycles Finishing
339 silly install printInstalled
340 warn ws@7.2.1 requires a peer of bufferutil@^4.0.1 but none was installed.
341 warn ws@7.2.1 requires a peer of utf-8-validate@^5.0.2 but none was installed.
342 warn scarcity@1.0.0 No description
343 warn scarcity@1.0.0 No repository field.
344 verbose fstream_path /home/wade/Projects/Scarcity/node_modules/.staging/random-js-fdcf07af/lib/random.js
345 verbose fstream_type File
346 verbose fstream_class FileWriter
347 verbose stack Error: ENOSPC: no space left on device, mkdir '/home/wade/Projects/Scarcity/node_modules/.staging/random-js-fdcf07af/lib'
348 verbose fstream_stack /usr/share/npm/node_modules/fstream/lib/writer.js:171:25
348 verbose fstream_stack /usr/share/npm/node_modules/mkdirp/index.js:47:53
348 verbose fstream_stack FSReqWrap.oncomplete (fs.js:152:21)
349 verbose cwd /home/wade/Projects/Scarcity
350 error Linux 4.15.0-54-generic
351 error argv "/usr/bin/node" "/usr/bin/npm" "install" "prob.js"
352 error node v8.10.0
353 error npm  v3.5.2
354 error path /home/wade/Projects/Scarcity/node_modules/.staging/random-js-fdcf07af/lib
355 error code ENOSPC
356 error errno -28
357 error syscall mkdir
358 error nospc ENOSPC: no space left on device, mkdir '/home/wade/Projects/Scarcity/node_modules/.staging/random-js-fdcf07af/lib'
359 error nospc This is most likely not a problem with npm itself
359 error nospc and is related to insufficient space on your system.
360 verbose exit [ -28, true ]
